<?xml version="1.0" encoding="UTF-8"?>
<!-- Generated by org.testng.reporters.JUnitXMLReporter -->
<testsuite hostname="LAPTOP-UUP866NU" ignored="0" name="Default test" tests="4" failures="0" timestamp="23 Apr 2020 19:44:02 GMT" time="117.309" errors="0">
  <testcase name="validateRateandShipField" time="22.576" classname="com.fedex.qa.testcases.HomePageTest"/>
  <testcase name="validateTrackingField" time="0.0" classname="com.fedex.qa.testcases.HomePageTest">
    <skipped/>
  </testcase> <!-- validateTrackingField -->
  <testcase name="HomePageTitleTest" time="0.017" classname="com.fedex.qa.testcases.HomePageTest"/>
  <testcase name="HomePageHeaderLink" time="5.546" classname="com.fedex.qa.testcases.HomePageTest"/>
</testsuite> <!-- Default test -->
