<?xml version="1.0" encoding="UTF-8"?>
<testng-results skipped="1" failed="0" ignored="0" total="4" passed="3">
  <reporter-output>
  </reporter-output>
  <suite name="Default suite" duration-ms="117309" started-at="2020-04-23T19:42:01Z" finished-at="2020-04-23T19:43:58Z">
    <groups>
    </groups>
    <test name="Default test" duration-ms="117309" started-at="2020-04-23T19:42:01Z" finished-at="2020-04-23T19:43:58Z">
      <class name="com.fedex.qa.testcases.HomePageTest">
        <test-method status="PASS" signature="setup()[pri:0, instance:com.fedex.qa.testcases.HomePageTest@42d80b78]" name="setup" is-config="true" duration-ms="24579" started-at="2020-04-24T01:12:01Z" finished-at="2020-04-24T01:12:26Z">
          <reporter-output>
          </reporter-output>
        </test-method> <!-- setup -->
        <test-method status="PASS" signature="validateRateandShipField()[pri:0, instance:com.fedex.qa.testcases.HomePageTest@42d80b78]" name="validateRateandShipField" duration-ms="22576" started-at="2020-04-24T01:12:26Z" finished-at="2020-04-24T01:12:48Z">
          <reporter-output>
          </reporter-output>
        </test-method> <!-- validateRateandShipField -->
        <test-method status="PASS" signature="tearDown()[pri:0, instance:com.fedex.qa.testcases.HomePageTest@42d80b78]" name="tearDown" is-config="true" duration-ms="0" started-at="2020-04-24T01:12:48Z" finished-at="2020-04-24T01:12:48Z">
          <reporter-output>
          </reporter-output>
        </test-method> <!-- tearDown -->
        <test-method status="SKIP" signature="validateTrackingField(java.lang.String)[pri:1, instance:com.fedex.qa.testcases.HomePageTest@42d80b78]" name="validateTrackingField" duration-ms="0" started-at="2020-04-24T01:12:56Z" data-provider="getTrackingTestData" finished-at="2020-04-24T01:12:56Z">
          <exception class="java.lang.RuntimeException">
            <message>
              <![CDATA[java.lang.NullPointerException]]>
            </message>
            <full-stacktrace>
              <![CDATA[java.lang.RuntimeException: java.lang.NullPointerException
	at org.testng.internal.MethodInvocationHelper.invokeMethodNoCheckedException(MethodInvocationHelper.java:49)
	at org.testng.internal.MethodInvocationHelper.invokeDataProvider(MethodInvocationHelper.java:115)
	at org.testng.internal.Parameters.handleParameters(Parameters.java:509)
	at org.testng.internal.Invoker.handleParameters(Invoker.java:1308)
	at org.testng.internal.Invoker.createParameters(Invoker.java:1036)
	at org.testng.internal.Invoker.invokeTestMethods(Invoker.java:1126)
	at org.testng.internal.TestMethodWorker.invokeTestMethods(TestMethodWorker.java:126)
	at org.testng.internal.TestMethodWorker.run(TestMethodWorker.java:109)
	at org.testng.TestRunner.privateRun(TestRunner.java:744)
	at org.testng.TestRunner.run(TestRunner.java:602)
	at org.testng.SuiteRunner.runTest(SuiteRunner.java:380)
	at org.testng.SuiteRunner.runSequentially(SuiteRunner.java:375)
	at org.testng.SuiteRunner.privateRun(SuiteRunner.java:340)
	at org.testng.SuiteRunner.run(SuiteRunner.java:289)
	at org.testng.SuiteRunnerWorker.runSuite(SuiteRunnerWorker.java:52)
	at org.testng.SuiteRunnerWorker.run(SuiteRunnerWorker.java:86)
	at org.testng.TestNG.runSuitesSequentially(TestNG.java:1301)
	at org.testng.TestNG.runSuitesLocally(TestNG.java:1226)
	at org.testng.TestNG.runSuites(TestNG.java:1144)
	at org.testng.TestNG.run(TestNG.java:1115)
	at org.testng.remote.AbstractRemoteTestNG.run(AbstractRemoteTestNG.java:115)
	at org.testng.remote.RemoteTestNG.initAndRun(RemoteTestNG.java:251)
	at org.testng.remote.RemoteTestNG.main(RemoteTestNG.java:77)
Caused by: java.lang.NullPointerException
	at com.fedex.qa.util.TestUtil.getTestData(TestUtil.java:58)
	at com.fedex.qa.testcases.HomePageTest.getTrackingTestData(HomePageTest.java:69)
	at sun.reflect.NativeMethodAccessorImpl.invoke0(Native Method)
	at sun.reflect.NativeMethodAccessorImpl.invoke(Unknown Source)
	at sun.reflect.DelegatingMethodAccessorImpl.invoke(Unknown Source)
	at java.lang.reflect.Method.invoke(Unknown Source)
	at org.testng.internal.MethodInvocationHelper.invokeMethod(MethodInvocationHelper.java:108)
	at org.testng.internal.MethodInvocationHelper.invokeMethod(MethodInvocationHelper.java:55)
	at org.testng.internal.MethodInvocationHelper.invokeMethodNoCheckedException(MethodInvocationHelper.java:45)
	... 22 more
]]>
            </full-stacktrace>
          </exception> <!-- java.lang.RuntimeException -->
          <reporter-output>
          </reporter-output>
        </test-method> <!-- validateTrackingField -->
        <test-method status="PASS" signature="setup()[pri:0, instance:com.fedex.qa.testcases.HomePageTest@42d80b78]" name="setup" is-config="true" duration-ms="20235" started-at="2020-04-24T01:12:56Z" finished-at="2020-04-24T01:13:17Z">
          <reporter-output>
          </reporter-output>
        </test-method> <!-- setup -->
        <test-method status="PASS" signature="HomePageTitleTest()[pri:2, instance:com.fedex.qa.testcases.HomePageTest@42d80b78]" name="HomePageTitleTest" duration-ms="17" started-at="2020-04-24T01:13:17Z" finished-at="2020-04-24T01:13:17Z">
          <reporter-output>
          </reporter-output>
        </test-method> <!-- HomePageTitleTest -->
        <test-method status="PASS" signature="setup()[pri:0, instance:com.fedex.qa.testcases.HomePageTest@42d80b78]" name="setup" is-config="true" duration-ms="36193" started-at="2020-04-24T01:13:17Z" finished-at="2020-04-24T01:13:53Z">
          <reporter-output>
          </reporter-output>
        </test-method> <!-- setup -->
        <test-method status="PASS" signature="tearDown()[pri:0, instance:com.fedex.qa.testcases.HomePageTest@42d80b78]" name="tearDown" is-config="true" duration-ms="0" started-at="2020-04-24T01:13:17Z" finished-at="2020-04-24T01:13:17Z">
          <reporter-output>
          </reporter-output>
        </test-method> <!-- tearDown -->
        <test-method status="PASS" signature="HomePageHeaderLink()[pri:3, instance:com.fedex.qa.testcases.HomePageTest@42d80b78]" name="HomePageHeaderLink" duration-ms="5546" started-at="2020-04-24T01:13:53Z" finished-at="2020-04-24T01:13:58Z">
          <reporter-output>
          </reporter-output>
        </test-method> <!-- HomePageHeaderLink -->
        <test-method status="PASS" signature="tearDown()[pri:0, instance:com.fedex.qa.testcases.HomePageTest@42d80b78]" name="tearDown" is-config="true" duration-ms="0" started-at="2020-04-24T01:13:58Z" finished-at="2020-04-24T01:13:58Z">
          <reporter-output>
          </reporter-output>
        </test-method> <!-- tearDown -->
      </class> <!-- com.fedex.qa.testcases.HomePageTest -->
    </test> <!-- Default test -->
  </suite> <!-- Default suite -->
</testng-results>
